<?xml version="1.0" encoding="UTF-8"?>
<!-- Generated by org.testng.reporters.JUnitXMLReporter -->
<testsuite ignored="0" hostname="Habiba" failures="0" tests="5" name="Default test" time="9.139" errors="0" timestamp="2023-10-28T22:19:47 EET">
  <testcase classname="com.spotify.oauth2.Test.PlayListTests" name="ShouldBeAbleToCreateAPlayList" time="7.084"/>
  <testcase classname="com.spotify.oauth2.Test.PlayListTests" name="ShouldBeAbleToGetAPlayList" time="0.464"/>
  <testcase classname="com.spotify.oauth2.Test.PlayListTests" name="ShouldBeAbleToUpdatePlayList" time="0.52"/>
  <testcase classname="com.spotify.oauth2.Test.PlayListTests" name="ShouldNotBeAbleToCreateAPlayListWithExpiredToken" time="0.386"/>
  <testcase classname="com.spotify.oauth2.Test.PlayListTests" name="ShouldNotBeAbleToCreateAPlayListWithoutName" time="0.434"/>
</testsuite> <!-- Default test -->
